Flow report for DE0_NANO_VF
Sat Apr 09 17:21:29 2016
Quartus II 64-Bit Version 15.0.0 Build 145 04/22/2015 SJ Web Edition


---------------------
; Table of Contents ;
---------------------
  1. Legal Notice
  2. Flow Summary
  3. Flow Settings
  4. Flow Non-Default Global Settings
  5. Flow Elapsed Time
  6. Flow OS Summary
  7. Flow Log
  8. Flow Messages
  9. Flow Suppressed Messages



----------------
; Legal Notice ;
----------------
Copyright (C) 1991-2015 Altera Corporation. All rights reserved.
Your use of Altera Corporation's design tools, logic functions 
and other software and tools, and its AMPP partner logic 
functions, and any output files from any of the foregoing 
(including device programming or simulation files), and any 
associated documentation or information are expressly subject 
to the terms and conditions of the Altera Program License 
Subscription Agreement, the Altera Quartus II License Agreement,
the Altera MegaCore Function License Agreement, or other 
applicable license agreement, including, without limitation, 
that your use is for the sole purpose of programming logic 
devices manufactured by Altera and sold by Altera or its 
authorized distributors.  Please refer to the applicable 
agreement for further details.



+---------------------------------------------------------------------------------+
; Flow Summary                                                                    ;
+------------------------------------+--------------------------------------------+
; Flow Status                        ; Successful - Sat Apr 09 17:21:29 2016      ;
; Quartus II 64-Bit Version          ; 15.0.0 Build 145 04/22/2015 SJ Web Edition ;
; Revision Name                      ; DE0_NANO_VF                                ;
; Top-level Entity Name              ; DE0_NANO_VF                                ;
; Family                             ; Cyclone IV E                               ;
; Device                             ; EP4CE22F17C6                               ;
; Timing Models                      ; Final                                      ;
; Total logic elements               ; 7,760 / 22,320 ( 35 % )                    ;
;     Total combinational functions  ; 7,742 / 22,320 ( 35 % )                    ;
;     Dedicated logic registers      ; 512 / 22,320 ( 2 % )                       ;
; Total registers                    ; 512                                        ;
; Total pins                         ; 73 / 154 ( 47 % )                          ;
; Total virtual pins                 ; 0                                          ;
; Total memory bits                  ; 0 / 608,256 ( 0 % )                        ;
; Embedded Multiplier 9-bit elements ; 6 / 132 ( 5 % )                            ;
; Total PLLs                         ; 1 / 4 ( 25 % )                             ;
+------------------------------------+--------------------------------------------+


+-----------------------------------------+
; Flow Settings                           ;
+-------------------+---------------------+
; Option            ; Setting             ;
+-------------------+---------------------+
; Start date & time ; 04/09/2016 17:14:43 ;
; Main task         ; Compilation         ;
; Revision Name     ; DE0_NANO_VF         ;
+-------------------+---------------------+


+----------------------------------------------------------------------------------------------------------------------------+
; Flow Non-Default Global Settings                                                                                           ;
+-------------------------------------+---------------------------------------+---------------+-------------+----------------+
; Assignment Name                     ; Value                                 ; Default Value ; Entity Name ; Section Id     ;
+-------------------------------------+---------------------------------------+---------------+-------------+----------------+
; COMPILER_SIGNATURE_ID               ; 31264774864470.146023288326160        ; --            ; --          ; --             ;
; EDA_OUTPUT_DATA_FORMAT              ; Vhdl                                  ; --            ; --          ; eda_simulation ;
; EDA_SIMULATION_TOOL                 ; ModelSim-Altera (VHDL)                ; <None>        ; --          ; --             ;
; MAX_CORE_JUNCTION_TEMP              ; 85                                    ; --            ; --          ; --             ;
; MIN_CORE_JUNCTION_TEMP              ; 0                                     ; --            ; --          ; --             ;
; MISC_FILE                           ; pll.cmp                               ; --            ; --          ; --             ;
; MISC_FILE                           ; pll.ppf                               ; --            ; --          ; --             ;
; PARTITION_COLOR                     ; 16764057                              ; --            ; --          ; Top            ;
; PARTITION_FITTER_PRESERVATION_LEVEL ; PLACEMENT_AND_ROUTING                 ; --            ; --          ; Top            ;
; PARTITION_NETLIST_TYPE              ; SOURCE                                ; --            ; --          ; Top            ;
; POWER_BOARD_THERMAL_MODEL           ; None (CONSERVATIVE)                   ; --            ; --          ; --             ;
; POWER_PRESET_COOLING_SOLUTION       ; 23 MM HEAT SINK WITH 200 LFPM AIRFLOW ; --            ; --          ; --             ;
; PROJECT_OUTPUT_DIRECTORY            ; output_files                          ; --            ; --          ; --             ;
+-------------------------------------+---------------------------------------+---------------+-------------+----------------+


+-------------------------------------------------------------------------------------------------------------------------------+
; Flow Elapsed Time                                                                                                             ;
+---------------------------+--------------+-------------------------+---------------------+------------------------------------+
; Module Name               ; Elapsed Time ; Average Processors Used ; Peak Virtual Memory ; Total CPU Time (on all processors) ;
+---------------------------+--------------+-------------------------+---------------------+------------------------------------+
; Analysis & Synthesis      ; 00:02:30     ; 1.0                     ; 764 MB              ; 00:02:36                           ;
; Fitter                    ; 00:03:13     ; 1.0                     ; 1028 MB             ; 00:02:59                           ;
; Assembler                 ; 00:00:03     ; 1.0                     ; 621 MB              ; 00:00:03                           ;
; TimeQuest Timing Analyzer ; 00:00:13     ; 1.0                     ; 764 MB              ; 00:00:11                           ;
; EDA Netlist Writer        ; 00:00:29     ; 1.0                     ; 692 MB              ; 00:00:20                           ;
; Total                     ; 00:06:28     ; --                      ; --                  ; 00:06:09                           ;
+---------------------------+--------------+-------------------------+---------------------+------------------------------------+


+----------------------------------------------------------------------------------------+
; Flow OS Summary                                                                        ;
+---------------------------+------------------+-----------+------------+----------------+
; Module Name               ; Machine Hostname ; OS Name   ; OS Version ; Processor type ;
+---------------------------+------------------+-----------+------------+----------------+
; Analysis & Synthesis      ; DEUTSCHSERVER    ; Windows 7 ; 6.2        ; x86_64         ;
; Fitter                    ; DEUTSCHSERVER    ; Windows 7 ; 6.2        ; x86_64         ;
; Assembler                 ; DEUTSCHSERVER    ; Windows 7 ; 6.2        ; x86_64         ;
; TimeQuest Timing Analyzer ; DEUTSCHSERVER    ; Windows 7 ; 6.2        ; x86_64         ;
; EDA Netlist Writer        ; DEUTSCHSERVER    ; Windows 7 ; 6.2        ; x86_64         ;
+---------------------------+------------------+-----------+------------+----------------+


------------
; Flow Log ;
------------
quartus_map --read_settings_files=on --write_settings_files=off DE0_NANO_VF -c DE0_NANO_VF
quartus_fit --read_settings_files=off --write_settings_files=off DE0_NANO_VF -c DE0_NANO_VF
quartus_asm --read_settings_files=off --write_settings_files=off DE0_NANO_VF -c DE0_NANO_VF
quartus_sta DE0_NANO_VF -c DE0_NANO_VF
quartus_eda --read_settings_files=off --write_settings_files=off DE0_NANO_VF -c DE0_NANO_VF



